------------------------------------------------------------
Client connecting to 10.0.0.3, TCP port 5000 with pid 7016
Write buffer size:  128 KByte
TCP window size: 85.3 KByte (default)
------------------------------------------------------------
[  3] local 10.0.0.1 port 56972 connected with 10.0.0.3 port 5000
[ ID] Interval        Transfer    Bandwidth       Write/Err  Rtry    Cwnd/RTT
[  3] 0.00-1.00 sec  3.62 MBytes  30.4 Mbits/sec  29/0         10      209K/78783 us
[ ID] Interval        Transfer    Bandwidth       Write/Err  Rtry    Cwnd/RTT
[  3] 1.00-2.00 sec  3.12 MBytes  26.2 Mbits/sec  25/0          0      254K/85434 us
[ ID] Interval        Transfer    Bandwidth       Write/Err  Rtry    Cwnd/RTT
[  3] 2.00-3.00 sec  2.50 MBytes  21.0 Mbits/sec  20/0          0      277K/93788 us
[ ID] Interval        Transfer    Bandwidth       Write/Err  Rtry    Cwnd/RTT
[  3] 3.00-4.00 sec  3.00 MBytes  25.2 Mbits/sec  24/0          2      214K/86654 us
[ ID] Interval        Transfer    Bandwidth       Write/Err  Rtry    Cwnd/RTT
[  3] 4.00-5.00 sec  1.88 MBytes  15.7 Mbits/sec  15/0          0      229K/89961 us
[ ID] Interval        Transfer    Bandwidth       Write/Err  Rtry    Cwnd/RTT
[  3] 5.00-6.00 sec  2.50 MBytes  21.0 Mbits/sec  20/0          0      238K/92078 us
[ ID] Interval        Transfer    Bandwidth       Write/Err  Rtry    Cwnd/RTT
[  3] 6.00-7.00 sec  2.50 MBytes  21.0 Mbits/sec  20/0          0      241K/92370 us
[ ID] Interval        Transfer    Bandwidth       Write/Err  Rtry    Cwnd/RTT
[  3] 7.00-8.00 sec  2.50 MBytes  21.0 Mbits/sec  20/0          0      241K/92826 us
[ ID] Interval        Transfer    Bandwidth       Write/Err  Rtry    Cwnd/RTT
[  3] 8.00-9.00 sec  3.12 MBytes  26.2 Mbits/sec  25/0          0      244K/94639 us
[ ID] Interval        Transfer    Bandwidth       Write/Err  Rtry    Cwnd/RTT
[  3] 9.00-10.00 sec  1.88 MBytes  15.7 Mbits/sec  15/0          2      173K/97520 us
[ ID] Interval        Transfer    Bandwidth       Write/Err  Rtry    Cwnd/RTT
[  3] 10.00-11.00 sec  2.62 MBytes  22.0 Mbits/sec  21/0          0      216K/96780 us
[ ID] Interval        Transfer    Bandwidth       Write/Err  Rtry    Cwnd/RTT
[  3] 11.00-12.00 sec  1.88 MBytes  15.7 Mbits/sec  15/0          0      234K/106430 us
[ ID] Interval        Transfer    Bandwidth       Write/Err  Rtry    Cwnd/RTT
[  3] 12.00-13.00 sec  2.50 MBytes  21.0 Mbits/sec  20/0          0      246K/78301 us
[ ID] Interval        Transfer    Bandwidth       Write/Err  Rtry    Cwnd/RTT
[  3] 13.00-14.00 sec  3.12 MBytes  26.2 Mbits/sec  25/0          0      250K/82366 us
[ ID] Interval        Transfer    Bandwidth       Write/Err  Rtry    Cwnd/RTT
[  3] 14.00-15.00 sec  3.12 MBytes  26.2 Mbits/sec  25/0          0      250K/84735 us
[ ID] Interval        Transfer    Bandwidth       Write/Err  Rtry    Cwnd/RTT
[  3] 15.00-16.00 sec  2.50 MBytes  21.0 Mbits/sec  20/0          0      250K/84943 us
[ ID] Interval        Transfer    Bandwidth       Write/Err  Rtry    Cwnd/RTT
[  3] 16.00-17.00 sec  3.00 MBytes  25.2 Mbits/sec  24/0          0      254K/86119 us
[ ID] Interval        Transfer    Bandwidth       Write/Err  Rtry    Cwnd/RTT
[  3] 17.00-18.00 sec  2.50 MBytes  21.0 Mbits/sec  20/0          0      264K/87853 us
[ ID] Interval        Transfer    Bandwidth       Write/Err  Rtry    Cwnd/RTT
[  3] 18.00-19.00 sec  3.12 MBytes  26.2 Mbits/sec  25/0          0      282K/92551 us
[ ID] Interval        Transfer    Bandwidth       Write/Err  Rtry    Cwnd/RTT
[  3] 19.00-20.00 sec  3.12 MBytes  26.2 Mbits/sec  25/0          0      316K/85263 us
[ ID] Interval        Transfer    Bandwidth       Write/Err  Rtry    Cwnd/RTT
[  3] 20.00-21.00 sec  4.00 MBytes  33.6 Mbits/sec  32/0          0      369K/99972 us
[ ID] Interval        Transfer    Bandwidth       Write/Err  Rtry    Cwnd/RTT
[  3] 21.00-22.00 sec  4.00 MBytes  33.6 Mbits/sec  32/0          9      299K/79914 us
[ ID] Interval        Transfer    Bandwidth       Write/Err  Rtry    Cwnd/RTT
[  3] 22.00-23.00 sec  3.12 MBytes  26.2 Mbits/sec  25/0          0      343K/91932 us
[ ID] Interval        Transfer    Bandwidth       Write/Err  Rtry    Cwnd/RTT
[  3] 23.00-24.00 sec  3.25 MBytes  27.3 Mbits/sec  26/0          0      373K/97903 us
[ ID] Interval        Transfer    Bandwidth       Write/Err  Rtry    Cwnd/RTT
[  3] 24.00-25.00 sec  4.12 MBytes  34.6 Mbits/sec  33/0          0      395K/102872 us
[ ID] Interval        Transfer    Bandwidth       Write/Err  Rtry    Cwnd/RTT
[  3] 25.00-26.00 sec  4.00 MBytes  33.6 Mbits/sec  32/0          0      407K/104940 us
[ ID] Interval        Transfer    Bandwidth       Write/Err  Rtry    Cwnd/RTT
[  3] 26.00-27.00 sec  3.25 MBytes  27.3 Mbits/sec  26/0          0      410K/105355 us
[ ID] Interval        Transfer    Bandwidth       Write/Err  Rtry    Cwnd/RTT
[  3] 27.00-28.00 sec  4.00 MBytes  33.6 Mbits/sec  32/0          0      410K/108947 us
[ ID] Interval        Transfer    Bandwidth       Write/Err  Rtry    Cwnd/RTT
[  3] 28.00-29.00 sec  4.00 MBytes  33.6 Mbits/sec  32/0          0      410K/108060 us
[ ID] Interval        Transfer    Bandwidth       Write/Err  Rtry    Cwnd/RTT
[  3] 29.00-30.00 sec  3.25 MBytes  27.3 Mbits/sec  26/0          0      414K/99942 us
[ ID] Interval        Transfer    Bandwidth       Write/Err  Rtry    Cwnd/RTT
[  3] 0.00-30.02 sec  91.1 MBytes  25.5 Mbits/sec  729/0         23      414K/99942 us
