------------------------------------------------------------
Client connecting to 10.0.0.3, TCP port 5001 with pid 11969
Write buffer size:  128 KByte
TCP window size:  128 KByte (default)
------------------------------------------------------------
[  3] local 10.0.0.2 port 45306 connected with 10.0.0.3 port 5001
[ ID] Interval        Transfer    Bandwidth       Write/Err  Rtry    Cwnd/RTT
[  3] 0.00-1.00 sec  5.88 MBytes  49.3 Mbits/sec  47/0        268      721K/154107 us
[ ID] Interval        Transfer    Bandwidth       Write/Err  Rtry    Cwnd/RTT
[  3] 1.00-2.00 sec  4.62 MBytes  38.8 Mbits/sec  37/0        267      571K/106006 us
[ ID] Interval        Transfer    Bandwidth       Write/Err  Rtry    Cwnd/RTT
[  3] 2.00-3.00 sec  3.98 MBytes  33.4 Mbits/sec  33/0          2      509K/87878 us
[ ID] Interval        Transfer    Bandwidth       Write/Err  Rtry    Cwnd/RTT
[  3] 3.00-4.00 sec  3.48 MBytes  29.2 Mbits/sec  29/0          0      494K/94082 us
[ ID] Interval        Transfer    Bandwidth       Write/Err  Rtry    Cwnd/RTT
[  3] 4.00-5.00 sec  3.29 MBytes  27.6 Mbits/sec  27/0          0      509K/68497 us
[ ID] Interval        Transfer    Bandwidth       Write/Err  Rtry    Cwnd/RTT
[  3] 5.00-6.00 sec  3.42 MBytes  28.7 Mbits/sec  28/0          0      537K/86883 us
[ ID] Interval        Transfer    Bandwidth       Write/Err  Rtry    Cwnd/RTT
[  3] 6.00-7.00 sec  3.54 MBytes  29.7 Mbits/sec  29/0          0      526K/78839 us
[ ID] Interval        Transfer    Bandwidth       Write/Err  Rtry    Cwnd/RTT
[  3] 7.00-8.00 sec  3.42 MBytes  28.7 Mbits/sec  28/0          0      523K/70282 us
[ ID] Interval        Transfer    Bandwidth       Write/Err  Rtry    Cwnd/RTT
[  3] 8.00-9.00 sec  3.60 MBytes  30.2 Mbits/sec  29/0          0      503K/85756 us
[ ID] Interval        Transfer    Bandwidth       Write/Err  Rtry    Cwnd/RTT
[  3] 9.00-10.00 sec  3.36 MBytes  28.1 Mbits/sec  27/0          0      463K/84287 us
[ ID] Interval        Transfer    Bandwidth       Write/Err  Rtry    Cwnd/RTT
[  3] 10.00-11.00 sec  2.24 MBytes  18.8 Mbits/sec  19/0          0      438K/86396 us
[ ID] Interval        Transfer    Bandwidth       Write/Err  Rtry    Cwnd/RTT
[  3] 11.00-12.00 sec  2.86 MBytes  24.0 Mbits/sec  24/0         16      312K/107178 us
[ ID] Interval        Transfer    Bandwidth       Write/Err  Rtry    Cwnd/RTT
[  3] 12.00-13.00 sec  2.92 MBytes  24.5 Mbits/sec  24/0          0      458K/85212 us
[ ID] Interval        Transfer    Bandwidth       Write/Err  Rtry    Cwnd/RTT
[  3] 13.00-14.00 sec  2.98 MBytes  25.0 Mbits/sec  25/0         11      424K/67124 us
[ ID] Interval        Transfer    Bandwidth       Write/Err  Rtry    Cwnd/RTT
[  3] 14.00-15.00 sec  3.04 MBytes  25.5 Mbits/sec  25/0          0      441K/112587 us
[ ID] Interval        Transfer    Bandwidth       Write/Err  Rtry    Cwnd/RTT
[  3] 15.00-16.00 sec  2.80 MBytes  23.5 Mbits/sec  23/0         12      435K/71325 us
[ ID] Interval        Transfer    Bandwidth       Write/Err  Rtry    Cwnd/RTT
[  3] 16.00-17.00 sec  2.98 MBytes  25.0 Mbits/sec  25/0          0      424K/77880 us
[ ID] Interval        Transfer    Bandwidth       Write/Err  Rtry    Cwnd/RTT
[  3] 17.00-18.00 sec  2.92 MBytes  24.5 Mbits/sec  24/0          0      407K/83196 us
[ ID] Interval        Transfer    Bandwidth       Write/Err  Rtry    Cwnd/RTT
[  3] 18.00-19.00 sec  2.61 MBytes  21.9 Mbits/sec  21/0          0      489K/67187 us
[ ID] Interval        Transfer    Bandwidth       Write/Err  Rtry    Cwnd/RTT
[  3] 19.00-20.00 sec  3.23 MBytes  27.1 Mbits/sec  26/0          0      543K/101413 us
[ ID] Interval        Transfer    Bandwidth       Write/Err  Rtry    Cwnd/RTT
[  3] 20.00-21.00 sec  3.29 MBytes  27.6 Mbits/sec  27/0         10      531K/104654 us
[ ID] Interval        Transfer    Bandwidth       Write/Err  Rtry    Cwnd/RTT
[  3] 21.00-22.00 sec  1.99 MBytes  16.7 Mbits/sec  16/0         14      425K/138556 us
[ ID] Interval        Transfer    Bandwidth       Write/Err  Rtry    Cwnd/RTT
[  3] 22.00-23.00 sec  3.29 MBytes  27.6 Mbits/sec  27/0          0      545K/96568 us
[ ID] Interval        Transfer    Bandwidth       Write/Err  Rtry    Cwnd/RTT
[  3] 23.00-24.00 sec  3.48 MBytes  29.2 Mbits/sec  29/0          3      378K/116926 us
[ ID] Interval        Transfer    Bandwidth       Write/Err  Rtry    Cwnd/RTT
[  3] 24.00-25.00 sec  2.67 MBytes  22.4 Mbits/sec  22/0          0      562K/67442 us
[ ID] Interval        Transfer    Bandwidth       Write/Err  Rtry    Cwnd/RTT
[  3] 25.00-26.00 sec  3.54 MBytes  29.7 Mbits/sec  29/0          0      514K/74711 us
[ ID] Interval        Transfer    Bandwidth       Write/Err  Rtry    Cwnd/RTT
[  3] 26.00-27.00 sec  3.60 MBytes  30.2 Mbits/sec  29/0          0      503K/89534 us
[ ID] Interval        Transfer    Bandwidth       Write/Err  Rtry    Cwnd/RTT
[  3] 27.00-28.00 sec  3.48 MBytes  29.2 Mbits/sec  28/0          0      494K/102913 us
[ ID] Interval        Transfer    Bandwidth       Write/Err  Rtry    Cwnd/RTT
[  3] 28.00-29.00 sec  3.54 MBytes  29.7 Mbits/sec  29/0          0      497K/77063 us
[ ID] Interval        Transfer    Bandwidth       Write/Err  Rtry    Cwnd/RTT
[  3] 29.00-30.00 sec  3.42 MBytes  28.7 Mbits/sec  28/0          0      503K/72565 us
[ ID] Interval        Transfer    Bandwidth       Write/Err  Rtry    Cwnd/RTT
[  3] 0.00-30.21 sec  99.5 MBytes  27.6 Mbits/sec  814/0        603      503K/72565 us
