------------------------------------------------------------
Client connecting to 10.0.0.6, TCP port 5000 with pid 18363
Write buffer size:  128 KByte
TCP window size:  128 KByte (default)
------------------------------------------------------------
[  3] local 10.0.0.1 port 59506 connected with 10.0.0.6 port 5000
[ ID] Interval        Transfer    Bandwidth       Write/Err  Rtry    Cwnd/RTT
[  3] 0.00-1.00 sec  3.65 MBytes  30.6 Mbits/sec  30/0         12      364K/258036 us
[ ID] Interval        Transfer    Bandwidth       Write/Err  Rtry    Cwnd/RTT
[  3] 1.00-2.00 sec  1.55 MBytes  13.0 Mbits/sec  13/0         84      282K/158968 us
[ ID] Interval        Transfer    Bandwidth       Write/Err  Rtry    Cwnd/RTT
[  3] 2.00-3.00 sec  1.12 MBytes  9.38 Mbits/sec  10/0        133      220K/145501 us
[ ID] Interval        Transfer    Bandwidth       Write/Err  Rtry    Cwnd/RTT
[  3] 3.00-4.00 sec  1.37 MBytes  11.5 Mbits/sec  11/0         71      178K/150568 us
[ ID] Interval        Transfer    Bandwidth       Write/Err  Rtry    Cwnd/RTT
[  3] 4.00-5.00 sec  1.43 MBytes  12.0 Mbits/sec  12/0          0      220K/108400 us
[ ID] Interval        Transfer    Bandwidth       Write/Err  Rtry    Cwnd/RTT
[  3] 5.00-6.00 sec  1.37 MBytes  11.5 Mbits/sec  12/0         14      209K/151809 us
[ ID] Interval        Transfer    Bandwidth       Write/Err  Rtry    Cwnd/RTT
[  3] 6.00-7.00 sec  1.37 MBytes  11.5 Mbits/sec  12/0         16      231K/137945 us
[ ID] Interval        Transfer    Bandwidth       Write/Err  Rtry    Cwnd/RTT
[  3] 7.00-8.00 sec  1.30 MBytes  10.9 Mbits/sec  11/0         43      222K/157453 us
[ ID] Interval        Transfer    Bandwidth       Write/Err  Rtry    Cwnd/RTT
[  3] 8.00-9.00 sec  1.06 MBytes  8.86 Mbits/sec  9/0         15      226K/135683 us
[ ID] Interval        Transfer    Bandwidth       Write/Err  Rtry    Cwnd/RTT
[  3] 9.00-10.00 sec  1.86 MBytes  15.6 Mbits/sec  15/0          0      328K/87271 us
[ ID] Interval        Transfer    Bandwidth       Write/Err  Rtry    Cwnd/RTT
[  3] 10.00-11.00 sec  1.30 MBytes  10.9 Mbits/sec  11/0          0      268K/121735 us
[ ID] Interval        Transfer    Bandwidth       Write/Err  Rtry    Cwnd/RTT
[  3] 11.00-12.00 sec  1.80 MBytes  15.1 Mbits/sec  15/0          0      285K/128426 us
[ ID] Interval        Transfer    Bandwidth       Write/Err  Rtry    Cwnd/RTT
[  3] 12.00-13.00 sec  1.49 MBytes  12.5 Mbits/sec  13/0         58      282K/169887 us
[ ID] Interval        Transfer    Bandwidth       Write/Err  Rtry    Cwnd/RTT
[  3] 13.00-14.00 sec  1.68 MBytes  14.1 Mbits/sec  14/0         27      296K/183246 us
[ ID] Interval        Transfer    Bandwidth       Write/Err  Rtry    Cwnd/RTT
[  3] 14.00-15.00 sec  1.62 MBytes  13.6 Mbits/sec  14/0         10      263K/155218 us
[ ID] Interval        Transfer    Bandwidth       Write/Err  Rtry    Cwnd/RTT
[  3] 15.00-16.00 sec  1.68 MBytes  14.1 Mbits/sec  14/0          0      424K/76543 us
[ ID] Interval        Transfer    Bandwidth       Write/Err  Rtry    Cwnd/RTT
[  3] 16.00-17.00 sec  2.17 MBytes  18.2 Mbits/sec  18/0         83      350K/227267 us
[ ID] Interval        Transfer    Bandwidth       Write/Err  Rtry    Cwnd/RTT
[  3] 17.00-18.00 sec  1.12 MBytes  9.41 Mbits/sec  9/0        173      328K/104075 us
[ ID] Interval        Transfer    Bandwidth       Write/Err  Rtry    Cwnd/RTT
[  3] 18.00-19.00 sec  2.48 MBytes  20.8 Mbits/sec  20/0         50      295K/139491 us
[ ID] Interval        Transfer    Bandwidth       Write/Err  Rtry    Cwnd/RTT
[  3] 19.00-20.00 sec  1.49 MBytes  12.5 Mbits/sec  13/0        242      381K/165931 us
[ ID] Interval        Transfer    Bandwidth       Write/Err  Rtry    Cwnd/RTT
[  3] 20.00-21.00 sec  1.93 MBytes  16.2 Mbits/sec  16/0        140      294K/124958 us
[ ID] Interval        Transfer    Bandwidth       Write/Err  Rtry    Cwnd/RTT
[  3] 21.00-22.00 sec  2.05 MBytes  17.2 Mbits/sec  17/0         23      261K/162665 us
[ ID] Interval        Transfer    Bandwidth       Write/Err  Rtry    Cwnd/RTT
[  3] 22.00-23.00 sec  1.80 MBytes  15.1 Mbits/sec  15/0         31      278K/184804 us
[ ID] Interval        Transfer    Bandwidth       Write/Err  Rtry    Cwnd/RTT
[  3] 23.00-24.00 sec  1.49 MBytes  12.5 Mbits/sec  12/0         34      305K/109045 us
[ ID] Interval        Transfer    Bandwidth       Write/Err  Rtry    Cwnd/RTT
[  3] 24.00-25.00 sec  1.68 MBytes  14.1 Mbits/sec  14/0         37      305K/118184 us
[ ID] Interval        Transfer    Bandwidth       Write/Err  Rtry    Cwnd/RTT
[  3] 25.00-26.00 sec  1.80 MBytes  15.1 Mbits/sec  15/0         12        5K/109452 us
[ ID] Interval        Transfer    Bandwidth       Write/Err  Rtry    Cwnd/RTT
[  3] 26.00-27.00 sec  1.18 MBytes  9.90 Mbits/sec  10/0         87      274K/134361 us
[ ID] Interval        Transfer    Bandwidth       Write/Err  Rtry    Cwnd/RTT
[  3] 27.00-28.00 sec  1.06 MBytes  8.86 Mbits/sec  9/0        125      260K/142453 us
[ ID] Interval        Transfer    Bandwidth       Write/Err  Rtry    Cwnd/RTT
[  3] 28.00-29.00 sec  2.24 MBytes  18.8 Mbits/sec  18/0         12      263K/130873 us
[ ID] Interval        Transfer    Bandwidth       Write/Err  Rtry    Cwnd/RTT
[  3] 29.00-30.00 sec  1.43 MBytes  12.0 Mbits/sec  12/0         45      282K/229835 us
[ ID] Interval        Transfer    Bandwidth       Write/Err  Rtry    Cwnd/RTT
[  3] 0.00-30.45 sec  49.6 MBytes  13.7 Mbits/sec  414/0       1577      282K/229835 us
