------------------------------------------------------------
Client connecting to 10.0.0.3, TCP port 5001 with pid 9718
Write buffer size:  128 KByte
TCP window size: 85.3 KByte (default)
------------------------------------------------------------
[  3] local 10.0.0.2 port 45230 connected with 10.0.0.3 port 5001
[ ID] Interval        Transfer    Bandwidth       Write/Err  Rtry    Cwnd/RTT
[  3] 0.00-1.00 sec  4.38 MBytes  36.7 Mbits/sec  35/0         33      393K/112398 us
[ ID] Interval        Transfer    Bandwidth       Write/Err  Rtry    Cwnd/RTT
[  3] 1.00-2.00 sec  4.50 MBytes  37.7 Mbits/sec  36/0         13      220K/63199 us
[ ID] Interval        Transfer    Bandwidth       Write/Err  Rtry    Cwnd/RTT
[  3] 2.00-3.00 sec  2.25 MBytes  18.9 Mbits/sec  18/0          0      237K/69128 us
[ ID] Interval        Transfer    Bandwidth       Write/Err  Rtry    Cwnd/RTT
[  3] 3.00-4.00 sec  4.50 MBytes  37.7 Mbits/sec  36/0          0      251K/63794 us
[ ID] Interval        Transfer    Bandwidth       Write/Err  Rtry    Cwnd/RTT
[  3] 4.00-5.00 sec  3.38 MBytes  28.3 Mbits/sec  27/0          0      255K/66645 us
[ ID] Interval        Transfer    Bandwidth       Write/Err  Rtry    Cwnd/RTT
[  3] 5.00-6.00 sec  3.25 MBytes  27.3 Mbits/sec  26/0          0      255K/65769 us
[ ID] Interval        Transfer    Bandwidth       Write/Err  Rtry    Cwnd/RTT
[  3] 6.00-7.00 sec  4.50 MBytes  37.7 Mbits/sec  36/0          0      268K/70125 us
[ ID] Interval        Transfer    Bandwidth       Write/Err  Rtry    Cwnd/RTT
[  3] 7.00-8.00 sec  3.38 MBytes  28.3 Mbits/sec  27/0          0      278K/72433 us
[ ID] Interval        Transfer    Bandwidth       Write/Err  Rtry    Cwnd/RTT
[  3] 8.00-9.00 sec  3.38 MBytes  28.3 Mbits/sec  27/0          0      287K/73769 us
[ ID] Interval        Transfer    Bandwidth       Write/Err  Rtry    Cwnd/RTT
[  3] 9.00-10.00 sec  3.38 MBytes  28.3 Mbits/sec  27/0          0      295K/81445 us
[ ID] Interval        Transfer    Bandwidth       Write/Err  Rtry    Cwnd/RTT
[  3] 10.00-11.00 sec  4.50 MBytes  37.7 Mbits/sec  36/0          0      326K/86205 us
[ ID] Interval        Transfer    Bandwidth       Write/Err  Rtry    Cwnd/RTT
[  3] 11.00-12.00 sec  3.25 MBytes  27.3 Mbits/sec  26/0          0      374K/100359 us
[ ID] Interval        Transfer    Bandwidth       Write/Err  Rtry    Cwnd/RTT
[  3] 12.00-13.00 sec  3.38 MBytes  28.3 Mbits/sec  27/0          0      438K/119492 us
[ ID] Interval        Transfer    Bandwidth       Write/Err  Rtry    Cwnd/RTT
[  3] 13.00-14.00 sec  1.72 MBytes  14.4 Mbits/sec  14/0         82      222K/124566 us
[ ID] Interval        Transfer    Bandwidth       Write/Err  Rtry    Cwnd/RTT
[  3] 14.00-15.00 sec  3.30 MBytes  27.7 Mbits/sec  27/0          0      253K/82775 us
[ ID] Interval        Transfer    Bandwidth       Write/Err  Rtry    Cwnd/RTT
[  3] 15.00-16.00 sec  2.25 MBytes  18.9 Mbits/sec  18/0          0      263K/84797 us
[ ID] Interval        Transfer    Bandwidth       Write/Err  Rtry    Cwnd/RTT
[  3] 16.00-17.00 sec  3.38 MBytes  28.3 Mbits/sec  27/0          0      270K/98529 us
[ ID] Interval        Transfer    Bandwidth       Write/Err  Rtry    Cwnd/RTT
[  3] 17.00-18.00 sec  2.25 MBytes  18.9 Mbits/sec  18/0          0      270K/103843 us
[ ID] Interval        Transfer    Bandwidth       Write/Err  Rtry    Cwnd/RTT
[  3] 18.00-19.00 sec  2.12 MBytes  17.8 Mbits/sec  17/0          0      270K/101345 us
[ ID] Interval        Transfer    Bandwidth       Write/Err  Rtry    Cwnd/RTT
[  3] 19.00-20.00 sec  3.38 MBytes  28.3 Mbits/sec  27/0          0      272K/87717 us
[ ID] Interval        Transfer    Bandwidth       Write/Err  Rtry    Cwnd/RTT
[  3] 20.00-21.00 sec  3.38 MBytes  28.3 Mbits/sec  27/0          0      282K/86308 us
[ ID] Interval        Transfer    Bandwidth       Write/Err  Rtry    Cwnd/RTT
[  3] 21.00-22.00 sec  2.25 MBytes  18.9 Mbits/sec  18/0          0      295K/95790 us
[ ID] Interval        Transfer    Bandwidth       Write/Err  Rtry    Cwnd/RTT
[  3] 22.00-23.00 sec  3.38 MBytes  28.3 Mbits/sec  27/0          0      326K/101214 us
[ ID] Interval        Transfer    Bandwidth       Write/Err  Rtry    Cwnd/RTT
[  3] 23.00-24.00 sec  3.38 MBytes  28.3 Mbits/sec  27/0          8      265K/78676 us
[ ID] Interval        Transfer    Bandwidth       Write/Err  Rtry    Cwnd/RTT
[  3] 24.00-25.00 sec  3.38 MBytes  28.3 Mbits/sec  27/0          0      304K/89453 us
[ ID] Interval        Transfer    Bandwidth       Write/Err  Rtry    Cwnd/RTT
[  3] 25.00-26.00 sec  3.25 MBytes  27.3 Mbits/sec  26/0          0      326K/94744 us
[ ID] Interval        Transfer    Bandwidth       Write/Err  Rtry    Cwnd/RTT
[  3] 26.00-27.00 sec  3.38 MBytes  28.3 Mbits/sec  27/0          0      339K/88640 us
[ ID] Interval        Transfer    Bandwidth       Write/Err  Rtry    Cwnd/RTT
[  3] 27.00-28.00 sec  3.38 MBytes  28.3 Mbits/sec  27/0          0      343K/100629 us
[ ID] Interval        Transfer    Bandwidth       Write/Err  Rtry    Cwnd/RTT
[  3] 28.00-29.00 sec  3.38 MBytes  28.3 Mbits/sec  27/0          0      343K/97613 us
[ ID] Interval        Transfer    Bandwidth       Write/Err  Rtry    Cwnd/RTT
[  3] 29.00-30.00 sec  3.38 MBytes  28.3 Mbits/sec  27/0          0      343K/98872 us
[ ID] Interval        Transfer    Bandwidth       Write/Err  Rtry    Cwnd/RTT
[  3] 0.00-30.21 sec  98.9 MBytes  27.5 Mbits/sec  792/0        136      343K/98872 us
