------------------------------------------------------------
Client connecting to 10.0.0.3, TCP port 5001 with pid 15726
Write buffer size:  128 KByte
TCP window size:  128 KByte (default)
------------------------------------------------------------
[  3] local 10.0.0.2 port 41278 connected with 10.0.0.3 port 5001
[ ID] Interval        Transfer    Bandwidth       Write/Err  Rtry    Cwnd/RTT
[  3] 0.00-1.00 sec  7.75 MBytes  65.0 Mbits/sec  62/0          0      808K/173651 us
[ ID] Interval        Transfer    Bandwidth       Write/Err  Rtry    Cwnd/RTT
[  3] 1.00-2.00 sec  4.90 MBytes  41.1 Mbits/sec  40/0         50      653K/127666 us
[ ID] Interval        Transfer    Bandwidth       Write/Err  Rtry    Cwnd/RTT
[  3] 2.00-3.00 sec  3.36 MBytes  28.1 Mbits/sec  28/0        188      551K/95567 us
[ ID] Interval        Transfer    Bandwidth       Write/Err  Rtry    Cwnd/RTT
[  3] 3.00-4.00 sec  3.85 MBytes  32.3 Mbits/sec  32/0          0      554K/110863 us
[ ID] Interval        Transfer    Bandwidth       Write/Err  Rtry    Cwnd/RTT
[  3] 4.00-5.00 sec  2.92 MBytes  24.5 Mbits/sec  24/0         20      475K/101598 us
[ ID] Interval        Transfer    Bandwidth       Write/Err  Rtry    Cwnd/RTT
[  3] 5.00-6.00 sec  3.23 MBytes  27.1 Mbits/sec  26/0          0      517K/96274 us
[ ID] Interval        Transfer    Bandwidth       Write/Err  Rtry    Cwnd/RTT
[  3] 6.00-7.00 sec  3.17 MBytes  26.6 Mbits/sec  26/0          0      489K/64465 us
[ ID] Interval        Transfer    Bandwidth       Write/Err  Rtry    Cwnd/RTT
[  3] 7.00-8.00 sec  3.54 MBytes  29.7 Mbits/sec  29/0          0      500K/70556 us
[ ID] Interval        Transfer    Bandwidth       Write/Err  Rtry    Cwnd/RTT
[  3] 8.00-9.00 sec  3.23 MBytes  27.1 Mbits/sec  27/0          0      483K/71010 us
[ ID] Interval        Transfer    Bandwidth       Write/Err  Rtry    Cwnd/RTT
[  3] 9.00-10.00 sec  3.29 MBytes  27.6 Mbits/sec  27/0          0      513K/68785 us
[ ID] Interval        Transfer    Bandwidth       Write/Err  Rtry    Cwnd/RTT
[  3] 10.00-11.00 sec  3.04 MBytes  25.5 Mbits/sec  25/0          4      357K/129564 us
[ ID] Interval        Transfer    Bandwidth       Write/Err  Rtry    Cwnd/RTT
[  3] 11.00-12.00 sec  2.61 MBytes  21.9 Mbits/sec  21/0          2      458K/67412 us
[ ID] Interval        Transfer    Bandwidth       Write/Err  Rtry    Cwnd/RTT
[  3] 12.00-13.00 sec  3.04 MBytes  25.5 Mbits/sec  25/0          0      449K/112004 us
[ ID] Interval        Transfer    Bandwidth       Write/Err  Rtry    Cwnd/RTT
[  3] 13.00-14.00 sec  2.80 MBytes  23.5 Mbits/sec  23/0          5      407K/90161 us
[ ID] Interval        Transfer    Bandwidth       Write/Err  Rtry    Cwnd/RTT
[  3] 14.00-15.00 sec  2.80 MBytes  23.5 Mbits/sec  23/0          0      387K/106985 us
[ ID] Interval        Transfer    Bandwidth       Write/Err  Rtry    Cwnd/RTT
[  3] 15.00-16.00 sec  2.67 MBytes  22.4 Mbits/sec  22/0          6      384K/102411 us
[ ID] Interval        Transfer    Bandwidth       Write/Err  Rtry    Cwnd/RTT
[  3] 16.00-17.00 sec  1.37 MBytes  11.5 Mbits/sec  11/0          0      395K/85804 us
[ ID] Interval        Transfer    Bandwidth       Write/Err  Rtry    Cwnd/RTT
[  3] 17.00-18.00 sec  2.86 MBytes  24.0 Mbits/sec  23/0          0      373K/69592 us
[ ID] Interval        Transfer    Bandwidth       Write/Err  Rtry    Cwnd/RTT
[  3] 18.00-19.00 sec  1.80 MBytes  15.1 Mbits/sec  15/0          0      378K/76482 us
[ ID] Interval        Transfer    Bandwidth       Write/Err  Rtry    Cwnd/RTT
[  3] 19.00-20.00 sec  2.67 MBytes  22.4 Mbits/sec  22/0          0      373K/100499 us
[ ID] Interval        Transfer    Bandwidth       Write/Err  Rtry    Cwnd/RTT
[  3] 20.00-21.00 sec  2.61 MBytes  21.9 Mbits/sec  22/0         60      407K/127191 us
[ ID] Interval        Transfer    Bandwidth       Write/Err  Rtry    Cwnd/RTT
[  3] 21.00-22.00 sec  1.93 MBytes  16.2 Mbits/sec  16/0        352      373K/133386 us
[ ID] Interval        Transfer    Bandwidth       Write/Err  Rtry    Cwnd/RTT
[  3] 22.00-23.00 sec  2.86 MBytes  24.0 Mbits/sec  24/0         31      452K/87561 us
[ ID] Interval        Transfer    Bandwidth       Write/Err  Rtry    Cwnd/RTT
[  3] 23.00-24.00 sec  1.86 MBytes  15.6 Mbits/sec  15/0          0      387K/85972 us
[ ID] Interval        Transfer    Bandwidth       Write/Err  Rtry    Cwnd/RTT
[  3] 24.00-25.00 sec  2.55 MBytes  21.4 Mbits/sec  21/0         28      378K/114006 us
[ ID] Interval        Transfer    Bandwidth       Write/Err  Rtry    Cwnd/RTT
[  3] 25.00-26.00 sec  2.67 MBytes  22.4 Mbits/sec  22/0          6      296K/174578 us
[ ID] Interval        Transfer    Bandwidth       Write/Err  Rtry    Cwnd/RTT
[  3] 26.00-27.00 sec  1.68 MBytes  14.1 Mbits/sec  14/0         40      370K/83118 us
[ ID] Interval        Transfer    Bandwidth       Write/Err  Rtry    Cwnd/RTT
[  3] 27.00-28.00 sec  2.61 MBytes  21.9 Mbits/sec  21/0          4      298K/114085 us
[ ID] Interval        Transfer    Bandwidth       Write/Err  Rtry    Cwnd/RTT
[  3] 28.00-29.00 sec  2.55 MBytes  21.4 Mbits/sec  21/0          6      381K/75654 us
[ ID] Interval        Transfer    Bandwidth       Write/Err  Rtry    Cwnd/RTT
[  3] 29.00-30.00 sec  2.61 MBytes  21.9 Mbits/sec  22/0          0      390K/87885 us
[ ID] Interval        Transfer    Bandwidth       Write/Err  Rtry    Cwnd/RTT
[  3] 0.00-30.32 sec  88.8 MBytes  24.6 Mbits/sec  729/0        802      390K/87885 us
