------------------------------------------------------------
Client connecting to 10.0.0.5, TCP port 5002 with pid 30474
Write buffer size:  128 KByte
TCP window size: 85.3 KByte (default)
------------------------------------------------------------
[  3] local 10.0.0.4 port 42564 connected with 10.0.0.5 port 5002
[ ID] Interval        Transfer    Bandwidth       Write/Err  Rtry    Cwnd/RTT
[  3] 0.00-1.00 sec  4.38 MBytes  36.7 Mbits/sec  35/0          0      264K/102065 us
[ ID] Interval        Transfer    Bandwidth       Write/Err  Rtry    Cwnd/RTT
[  3] 1.00-2.00 sec  2.88 MBytes  24.1 Mbits/sec  23/0          0      364K/80730 us
[ ID] Interval        Transfer    Bandwidth       Write/Err  Rtry    Cwnd/RTT
[  3] 2.00-3.00 sec  3.00 MBytes  25.2 Mbits/sec  24/0          0      264K/100105 us
[ ID] Interval        Transfer    Bandwidth       Write/Err  Rtry    Cwnd/RTT
[  3] 3.00-4.00 sec  2.25 MBytes  18.9 Mbits/sec  18/0          0      298K/99534 us
[ ID] Interval        Transfer    Bandwidth       Write/Err  Rtry    Cwnd/RTT
[  3] 4.00-5.00 sec  3.00 MBytes  25.2 Mbits/sec  24/0          0      264K/85042 us
[ ID] Interval        Transfer    Bandwidth       Write/Err  Rtry    Cwnd/RTT
[  3] 5.00-6.00 sec  3.00 MBytes  25.2 Mbits/sec  24/0          0      298K/104419 us
[ ID] Interval        Transfer    Bandwidth       Write/Err  Rtry    Cwnd/RTT
[  3] 6.00-7.00 sec  3.00 MBytes  25.2 Mbits/sec  24/0          0      330K/114717 us
[ ID] Interval        Transfer    Bandwidth       Write/Err  Rtry    Cwnd/RTT
[  3] 7.00-8.00 sec  2.25 MBytes  18.9 Mbits/sec  18/0          0      264K/118013 us
[ ID] Interval        Transfer    Bandwidth       Write/Err  Rtry    Cwnd/RTT
[  3] 8.00-9.00 sec  3.00 MBytes  25.2 Mbits/sec  24/0          0      364K/85502 us
[ ID] Interval        Transfer    Bandwidth       Write/Err  Rtry    Cwnd/RTT
[  3] 9.00-10.00 sec  2.88 MBytes  24.1 Mbits/sec  23/0          0      364K/88796 us
[ ID] Interval        Transfer    Bandwidth       Write/Err  Rtry    Cwnd/RTT
[  3] 10.00-11.00 sec  2.25 MBytes  18.9 Mbits/sec  18/0          0      264K/103670 us
[ ID] Interval        Transfer    Bandwidth       Write/Err  Rtry    Cwnd/RTT
[  3] 11.00-12.00 sec  3.00 MBytes  25.2 Mbits/sec  24/0          0      298K/187788 us
[ ID] Interval        Transfer    Bandwidth       Write/Err  Rtry    Cwnd/RTT
[  3] 12.00-13.00 sec  2.25 MBytes  18.9 Mbits/sec  18/0          0      298K/92550 us
[ ID] Interval        Transfer    Bandwidth       Write/Err  Rtry    Cwnd/RTT
[  3] 13.00-14.00 sec  3.00 MBytes  25.2 Mbits/sec  24/0          0      364K/93769 us
[ ID] Interval        Transfer    Bandwidth       Write/Err  Rtry    Cwnd/RTT
[  3] 14.00-15.00 sec  3.00 MBytes  25.2 Mbits/sec  24/0          0      364K/99988 us
[ ID] Interval        Transfer    Bandwidth       Write/Err  Rtry    Cwnd/RTT
[  3] 15.00-16.00 sec  3.00 MBytes  25.2 Mbits/sec  24/0          0      264K/104319 us
[ ID] Interval        Transfer    Bandwidth       Write/Err  Rtry    Cwnd/RTT
[  3] 16.00-17.00 sec  3.00 MBytes  25.2 Mbits/sec  24/0          0      330K/117001 us
[ ID] Interval        Transfer    Bandwidth       Write/Err  Rtry    Cwnd/RTT
[  3] 17.00-18.00 sec  2.88 MBytes  24.1 Mbits/sec  23/0          0      330K/105100 us
[ ID] Interval        Transfer    Bandwidth       Write/Err  Rtry    Cwnd/RTT
[  3] 18.00-19.00 sec  2.22 MBytes  18.6 Mbits/sec  18/0          0      298K/199824 us
[ ID] Interval        Transfer    Bandwidth       Write/Err  Rtry    Cwnd/RTT
[  3] 19.00-20.00 sec  2.25 MBytes  18.9 Mbits/sec  18/0          0      364K/125435 us
[ ID] Interval        Transfer    Bandwidth       Write/Err  Rtry    Cwnd/RTT
[  3] 20.00-21.00 sec  2.25 MBytes  18.9 Mbits/sec  18/0          0      330K/125459 us
[ ID] Interval        Transfer    Bandwidth       Write/Err  Rtry    Cwnd/RTT
[  3] 21.00-22.00 sec  3.00 MBytes  25.2 Mbits/sec  24/0          0      364K/106543 us
[ ID] Interval        Transfer    Bandwidth       Write/Err  Rtry    Cwnd/RTT
[  3] 22.00-23.00 sec  3.00 MBytes  25.2 Mbits/sec  24/0          0      364K/117683 us
[ ID] Interval        Transfer    Bandwidth       Write/Err  Rtry    Cwnd/RTT
[  3] 23.00-24.00 sec  3.00 MBytes  25.2 Mbits/sec  24/0          0      364K/103851 us
[ ID] Interval        Transfer    Bandwidth       Write/Err  Rtry    Cwnd/RTT
[  3] 24.00-25.00 sec  3.00 MBytes  25.2 Mbits/sec  24/0          0      330K/91564 us
[ ID] Interval        Transfer    Bandwidth       Write/Err  Rtry    Cwnd/RTT
[  3] 25.00-26.00 sec  3.00 MBytes  25.2 Mbits/sec  24/0          0      264K/109724 us
[ ID] Interval        Transfer    Bandwidth       Write/Err  Rtry    Cwnd/RTT
[  3] 26.00-27.00 sec  2.13 MBytes  17.9 Mbits/sec  18/0          0      364K/126737 us
[ ID] Interval        Transfer    Bandwidth       Write/Err  Rtry    Cwnd/RTT
[  3] 27.00-28.00 sec  2.25 MBytes  18.9 Mbits/sec  18/0          0      364K/114550 us
[ ID] Interval        Transfer    Bandwidth       Write/Err  Rtry    Cwnd/RTT
[  3] 28.00-29.00 sec  3.00 MBytes  25.2 Mbits/sec  24/0          0      364K/84503 us
[ ID] Interval        Transfer    Bandwidth       Write/Err  Rtry    Cwnd/RTT
[  3] 29.00-30.00 sec  3.00 MBytes  25.2 Mbits/sec  24/0          0      364K/86725 us
[ ID] Interval        Transfer    Bandwidth       Write/Err  Rtry    Cwnd/RTT
[  3] 0.00-30.03 sec  84.1 MBytes  23.5 Mbits/sec  674/0          0      364K/86725 us
