------------------------------------------------------------
Client connecting to 10.0.0.3, TCP port 5001 with pid 17201
Write buffer size:  128 KByte
TCP window size: 85.3 KByte (default)
------------------------------------------------------------
[  3] local 10.0.0.2 port 45464 connected with 10.0.0.3 port 5001
[ ID] Interval        Transfer    Bandwidth       Write/Err  Rtry    Cwnd/RTT
[  3] 0.00-1.00 sec  3.75 MBytes  31.5 Mbits/sec  30/0          0      264K/77542 us
[ ID] Interval        Transfer    Bandwidth       Write/Err  Rtry    Cwnd/RTT
[  3] 1.00-2.00 sec  3.62 MBytes  30.4 Mbits/sec  29/0          0      231K/96209 us
[ ID] Interval        Transfer    Bandwidth       Write/Err  Rtry    Cwnd/RTT
[  3] 2.00-3.00 sec  3.00 MBytes  25.2 Mbits/sec  24/0          0      264K/85097 us
[ ID] Interval        Transfer    Bandwidth       Write/Err  Rtry    Cwnd/RTT
[  3] 3.00-4.00 sec  3.00 MBytes  25.2 Mbits/sec  24/0          0      231K/104019 us
[ ID] Interval        Transfer    Bandwidth       Write/Err  Rtry    Cwnd/RTT
[  3] 4.00-5.00 sec  3.00 MBytes  25.2 Mbits/sec  24/0          0      364K/81697 us
[ ID] Interval        Transfer    Bandwidth       Write/Err  Rtry    Cwnd/RTT
[  3] 5.00-6.00 sec  3.75 MBytes  31.5 Mbits/sec  30/0          0      364K/93554 us
[ ID] Interval        Transfer    Bandwidth       Write/Err  Rtry    Cwnd/RTT
[  3] 6.00-7.00 sec  3.00 MBytes  25.2 Mbits/sec  24/0          0      298K/92414 us
[ ID] Interval        Transfer    Bandwidth       Write/Err  Rtry    Cwnd/RTT
[  3] 7.00-8.00 sec  3.00 MBytes  25.2 Mbits/sec  24/0          0      330K/93098 us
[ ID] Interval        Transfer    Bandwidth       Write/Err  Rtry    Cwnd/RTT
[  3] 8.00-9.00 sec  2.88 MBytes  24.1 Mbits/sec  23/0          0      364K/92906 us
[ ID] Interval        Transfer    Bandwidth       Write/Err  Rtry    Cwnd/RTT
[  3] 9.00-10.00 sec  3.00 MBytes  25.2 Mbits/sec  24/0          0      298K/88444 us
[ ID] Interval        Transfer    Bandwidth       Write/Err  Rtry    Cwnd/RTT
[  3] 10.00-11.00 sec  3.75 MBytes  31.5 Mbits/sec  30/0          0      364K/91830 us
[ ID] Interval        Transfer    Bandwidth       Write/Err  Rtry    Cwnd/RTT
[  3] 11.00-12.00 sec  3.00 MBytes  25.2 Mbits/sec  24/0          0      364K/91706 us
[ ID] Interval        Transfer    Bandwidth       Write/Err  Rtry    Cwnd/RTT
[  3] 12.00-13.00 sec  3.00 MBytes  25.2 Mbits/sec  24/0          0      330K/100967 us
[ ID] Interval        Transfer    Bandwidth       Write/Err  Rtry    Cwnd/RTT
[  3] 13.00-14.00 sec  3.75 MBytes  31.5 Mbits/sec  30/0          0      330K/93459 us
[ ID] Interval        Transfer    Bandwidth       Write/Err  Rtry    Cwnd/RTT
[  3] 14.00-15.00 sec  3.00 MBytes  25.2 Mbits/sec  24/0          0      298K/98963 us
[ ID] Interval        Transfer    Bandwidth       Write/Err  Rtry    Cwnd/RTT
[  3] 15.00-16.00 sec  2.88 MBytes  24.1 Mbits/sec  23/0          0      264K/85356 us
[ ID] Interval        Transfer    Bandwidth       Write/Err  Rtry    Cwnd/RTT
[  3] 16.00-17.00 sec  3.00 MBytes  25.2 Mbits/sec  24/0          0      298K/88557 us
[ ID] Interval        Transfer    Bandwidth       Write/Err  Rtry    Cwnd/RTT
[  3] 17.00-18.00 sec  3.00 MBytes  25.2 Mbits/sec  24/0          0      231K/95957 us
[ ID] Interval        Transfer    Bandwidth       Write/Err  Rtry    Cwnd/RTT
[  3] 18.00-19.00 sec  3.00 MBytes  25.2 Mbits/sec  24/0          0      330K/89137 us
[ ID] Interval        Transfer    Bandwidth       Write/Err  Rtry    Cwnd/RTT
[  3] 19.00-20.00 sec  3.00 MBytes  25.2 Mbits/sec  24/0          0      330K/85264 us
[ ID] Interval        Transfer    Bandwidth       Write/Err  Rtry    Cwnd/RTT
[  3] 20.00-21.00 sec  3.75 MBytes  31.5 Mbits/sec  30/0          0      330K/86002 us
[ ID] Interval        Transfer    Bandwidth       Write/Err  Rtry    Cwnd/RTT
[  3] 21.00-22.00 sec  3.00 MBytes  25.2 Mbits/sec  24/0          0      264K/79806 us
[ ID] Interval        Transfer    Bandwidth       Write/Err  Rtry    Cwnd/RTT
[  3] 22.00-23.00 sec  2.88 MBytes  24.1 Mbits/sec  23/0          0      298K/90539 us
[ ID] Interval        Transfer    Bandwidth       Write/Err  Rtry    Cwnd/RTT
[  3] 23.00-24.00 sec  3.75 MBytes  31.5 Mbits/sec  30/0          0      330K/93244 us
[ ID] Interval        Transfer    Bandwidth       Write/Err  Rtry    Cwnd/RTT
[  3] 24.00-25.00 sec  3.00 MBytes  25.2 Mbits/sec  24/0          0      330K/94808 us
[ ID] Interval        Transfer    Bandwidth       Write/Err  Rtry    Cwnd/RTT
[  3] 25.00-26.00 sec  3.00 MBytes  25.2 Mbits/sec  24/0          0      330K/101229 us
[ ID] Interval        Transfer    Bandwidth       Write/Err  Rtry    Cwnd/RTT
[  3] 26.00-27.00 sec  3.00 MBytes  25.2 Mbits/sec  24/0          0      364K/90671 us
[ ID] Interval        Transfer    Bandwidth       Write/Err  Rtry    Cwnd/RTT
[  3] 27.00-28.00 sec  3.75 MBytes  31.5 Mbits/sec  30/0          0      364K/94007 us
[ ID] Interval        Transfer    Bandwidth       Write/Err  Rtry    Cwnd/RTT
[  3] 28.00-29.00 sec  3.00 MBytes  25.2 Mbits/sec  24/0          0      330K/95163 us
[ ID] Interval        Transfer    Bandwidth       Write/Err  Rtry    Cwnd/RTT
[  3] 29.00-30.00 sec  2.88 MBytes  24.1 Mbits/sec  23/0          0      264K/99212 us
[ ID] Interval        Transfer    Bandwidth       Write/Err  Rtry    Cwnd/RTT
[  3] 0.00-30.07 sec  95.4 MBytes  26.6 Mbits/sec  763/0          0      264K/99212 us
