------------------------------------------------------------
Client connecting to 10.0.0.6, TCP port 5000 with pid 16771
Write buffer size:  128 KByte
TCP window size:  128 KByte (default)
------------------------------------------------------------
[  3] local 10.0.0.1 port 45682 connected with 10.0.0.6 port 5000
[ ID] Interval        Transfer    Bandwidth       Write/Err  Rtry    Cwnd/RTT
[  3] 0.00-1.00 sec  4.12 MBytes  34.6 Mbits/sec  33/0        130      418K/123379 us
[ ID] Interval        Transfer    Bandwidth       Write/Err  Rtry    Cwnd/RTT
[  3] 1.00-2.00 sec  3.52 MBytes  29.5 Mbits/sec  29/0         44      251K/193912 us
[ ID] Interval        Transfer    Bandwidth       Write/Err  Rtry    Cwnd/RTT
[  3] 2.00-3.00 sec  1.12 MBytes  9.38 Mbits/sec  10/0         28      404K/134850 us
[ ID] Interval        Transfer    Bandwidth       Write/Err  Rtry    Cwnd/RTT
[  3] 3.00-4.00 sec  2.42 MBytes  20.3 Mbits/sec  20/0          0      421K/139964 us
[ ID] Interval        Transfer    Bandwidth       Write/Err  Rtry    Cwnd/RTT
[  3] 4.00-5.00 sec  2.42 MBytes  20.3 Mbits/sec  20/0          2      458K/84206 us
[ ID] Interval        Transfer    Bandwidth       Write/Err  Rtry    Cwnd/RTT
[  3] 5.00-6.00 sec  2.80 MBytes  23.5 Mbits/sec  23/0          0      455K/129137 us
[ ID] Interval        Transfer    Bandwidth       Write/Err  Rtry    Cwnd/RTT
[  3] 6.00-7.00 sec  2.98 MBytes  25.0 Mbits/sec  24/0          0      534K/91301 us
[ ID] Interval        Transfer    Bandwidth       Write/Err  Rtry    Cwnd/RTT
[  3] 7.00-8.00 sec  2.80 MBytes  23.5 Mbits/sec  23/0          0      444K/87664 us
[ ID] Interval        Transfer    Bandwidth       Write/Err  Rtry    Cwnd/RTT
[  3] 8.00-9.00 sec  2.86 MBytes  24.0 Mbits/sec  24/0          0      463K/98951 us
[ ID] Interval        Transfer    Bandwidth       Write/Err  Rtry    Cwnd/RTT
[  3] 9.00-10.00 sec  2.80 MBytes  23.5 Mbits/sec  23/0          0      435K/136757 us
[ ID] Interval        Transfer    Bandwidth       Write/Err  Rtry    Cwnd/RTT
[  3] 10.00-11.00 sec  2.86 MBytes  24.0 Mbits/sec  23/0          0      427K/129755 us
[ ID] Interval        Transfer    Bandwidth       Write/Err  Rtry    Cwnd/RTT
[  3] 11.00-12.00 sec  2.86 MBytes  24.0 Mbits/sec  23/0          0      421K/127375 us
[ ID] Interval        Transfer    Bandwidth       Write/Err  Rtry    Cwnd/RTT
[  3] 12.00-13.00 sec  2.86 MBytes  24.0 Mbits/sec  23/0          0        5K/131751 us
[ ID] Interval        Transfer    Bandwidth       Write/Err  Rtry    Cwnd/RTT
[  3] 13.00-14.00 sec  1.80 MBytes  15.1 Mbits/sec  15/0          4      367K/145591 us
[ ID] Interval        Transfer    Bandwidth       Write/Err  Rtry    Cwnd/RTT
[  3] 14.00-15.00 sec  1.99 MBytes  16.7 Mbits/sec  16/0          4      367K/173627 us
[ ID] Interval        Transfer    Bandwidth       Write/Err  Rtry    Cwnd/RTT
[  3] 15.00-16.00 sec  2.05 MBytes  17.2 Mbits/sec  17/0          0      356K/129437 us
[ ID] Interval        Transfer    Bandwidth       Write/Err  Rtry    Cwnd/RTT
[  3] 16.00-17.00 sec  2.36 MBytes  19.8 Mbits/sec  19/0          0      362K/139652 us
[ ID] Interval        Transfer    Bandwidth       Write/Err  Rtry    Cwnd/RTT
[  3] 17.00-18.00 sec  2.24 MBytes  18.8 Mbits/sec  18/0          0      376K/141982 us
[ ID] Interval        Transfer    Bandwidth       Write/Err  Rtry    Cwnd/RTT
[  3] 18.00-19.00 sec  2.30 MBytes  19.3 Mbits/sec  19/0          0      367K/150443 us
[ ID] Interval        Transfer    Bandwidth       Write/Err  Rtry    Cwnd/RTT
[  3] 19.00-20.00 sec  2.30 MBytes  19.3 Mbits/sec  19/0          0      359K/161317 us
[ ID] Interval        Transfer    Bandwidth       Write/Err  Rtry    Cwnd/RTT
[  3] 20.00-21.00 sec  2.17 MBytes  18.2 Mbits/sec  18/0          0      325K/186233 us
[ ID] Interval        Transfer    Bandwidth       Write/Err  Rtry    Cwnd/RTT
[  3] 21.00-22.00 sec   954 KBytes  7.82 Mbits/sec  8/0          0      311K/175971 us
[ ID] Interval        Transfer    Bandwidth       Write/Err  Rtry    Cwnd/RTT
[  3] 22.00-23.00 sec  1.86 MBytes  15.6 Mbits/sec  15/0          0      296K/149442 us
[ ID] Interval        Transfer    Bandwidth       Write/Err  Rtry    Cwnd/RTT
[  3] 23.00-24.00 sec  1.93 MBytes  16.2 Mbits/sec  16/0          0      359K/116091 us
[ ID] Interval        Transfer    Bandwidth       Write/Err  Rtry    Cwnd/RTT
[  3] 24.00-25.00 sec  1.18 MBytes  9.90 Mbits/sec  10/0          0      339K/164436 us
[ ID] Interval        Transfer    Bandwidth       Write/Err  Rtry    Cwnd/RTT
[  3] 25.00-26.00 sec  1.68 MBytes  14.1 Mbits/sec  14/0         23      342K/173506 us
[ ID] Interval        Transfer    Bandwidth       Write/Err  Rtry    Cwnd/RTT
[  3] 26.00-27.00 sec  1.93 MBytes  16.2 Mbits/sec  16/0          0      336K/178749 us
[ ID] Interval        Transfer    Bandwidth       Write/Err  Rtry    Cwnd/RTT
[  3] 27.00-28.00 sec  1.74 MBytes  14.6 Mbits/sec  14/0          0      336K/184754 us
[ ID] Interval        Transfer    Bandwidth       Write/Err  Rtry    Cwnd/RTT
[  3] 28.00-29.00 sec  1.80 MBytes  15.1 Mbits/sec  15/0          0      322K/181530 us
[ ID] Interval        Transfer    Bandwidth       Write/Err  Rtry    Cwnd/RTT
[  3] 29.00-30.00 sec  1.68 MBytes  14.1 Mbits/sec  14/0          0      319K/195016 us
[ ID] Interval        Transfer    Bandwidth       Write/Err  Rtry    Cwnd/RTT
[  3] 0.00-30.21 sec  68.4 MBytes  19.0 Mbits/sec  561/0        235      319K/195016 us
